[Mon, 09 Apr 18 00:55:14 +0700][ERROR] [2]: EditController handler class cannot be loaded

[Mon, 09 Apr 18 00:57:33 +0700][ERROR] [2]: EditController handler class cannot be loaded

[Mon, 09 Apr 18 00:57:39 +0700][ERROR] [2]: EditController handler class cannot be loaded

[Mon, 09 Apr 18 00:57:59 +0700][ERROR] [2]: EditController handler class cannot be loaded

[Mon, 09 Apr 18 00:58:31 +0700][ERROR] [2]: EditController handler class cannot be loaded

[Mon, 09 Apr 18 01:13:01 +0700][ERROR] [2]: ImgController handler class cannot be loaded

[Mon, 09 Apr 18 01:13:26 +0700][ERROR] [2]: ImgController handler class cannot be loaded

[Mon, 09 Apr 18 01:13:28 +0700][ERROR] [2]: ImgController handler class cannot be loaded

[Mon, 09 Apr 18 01:34:23 +0700][ERROR] [2]: VendorController handler class cannot be loaded

[Mon, 09 Apr 18 01:34:41 +0700][ERROR] [2]: VendorController handler class cannot be loaded

[Mon, 09 Apr 18 01:37:47 +0700][ERROR] [2]: VendorController handler class cannot be loaded

[Mon, 09 Apr 18 01:37:47 +0700][ERROR] [2]: VendorController handler class cannot be loaded

[Mon, 09 Apr 18 01:38:03 +0700][ERROR] [2]: VendorController handler class cannot be loaded

[Mon, 09 Apr 18 01:38:57 +0700][ERROR] [2]: JsController handler class cannot be loaded

[Mon, 09 Apr 18 01:38:57 +0700][ERROR] [2]: JsController handler class cannot be loaded

[Mon, 09 Apr 18 01:42:14 +0700][ERROR] [2]: VendorController handler class cannot be loaded

[Mon, 09 Apr 18 01:42:14 +0700][ERROR] [2]: VendorController handler class cannot be loaded

[Mon, 09 Apr 18 01:42:15 +0700][ERROR] [2]: VendorController handler class cannot be loaded

[Mon, 09 Apr 18 01:42:15 +0700][ERROR] [2]: VendorController handler class cannot be loaded

[Mon, 09 Apr 18 01:42:17 +0700][ERROR] [2]: VendorController handler class cannot be loaded

[Mon, 09 Apr 18 01:42:17 +0700][ERROR] [2]: VendorController handler class cannot be loaded

[Mon, 09 Apr 18 13:28:53 +0700][ERROR] [2]: CssController handler class cannot be loaded

[Mon, 09 Apr 18 13:28:53 +0700][ERROR] [2]: JsController handler class cannot be loaded

[Mon, 09 Apr 18 13:28:57 +0700][ERROR] [2]: JsController handler class cannot be loaded

[Mon, 09 Apr 18 13:31:27 +0700][ERROR] [2]: CssController handler class cannot be loaded

[Mon, 09 Apr 18 13:31:27 +0700][ERROR] [2]: CssController handler class cannot be loaded

[Mon, 09 Apr 18 13:32:05 +0700][ERROR] [2]: CssController handler class cannot be loaded

[Mon, 09 Apr 18 13:33:24 +0700][ERROR] [2]: CssController handler class cannot be loaded

[Mon, 09 Apr 18 13:33:24 +0700][ERROR] [2]: CssController handler class cannot be loaded

[Mon, 09 Apr 18 13:33:44 +0700][ERROR] [2]: CssController handler class cannot be loaded

[Mon, 09 Apr 18 13:33:44 +0700][ERROR] [2]: CssController handler class cannot be loaded

[Mon, 09 Apr 18 13:43:13 +0700][ERROR] [5]: Action 'authen' was not found on handler 'event'

[Mon, 09 Apr 18 13:43:20 +0700][ERROR] [2]: CssController handler class cannot be loaded

[Mon, 09 Apr 18 13:43:20 +0700][ERROR] [2]: CssController handler class cannot be loaded

[Mon, 09 Apr 18 13:43:24 +0700][ERROR] [2]: CssController handler class cannot be loaded

[Mon, 09 Apr 18 13:43:28 +0700][ERROR] [2]: CssController handler class cannot be loaded

[Mon, 09 Apr 18 13:43:28 +0700][ERROR] [2]: JsController handler class cannot be loaded

[Mon, 09 Apr 18 13:43:28 +0700][ERROR] [2]: CssController handler class cannot be loaded

[Mon, 09 Apr 18 13:49:09 +0700][ERROR] [2]: CssController handler class cannot be loaded

[Mon, 09 Apr 18 13:49:09 +0700][ERROR] [2]: CssController handler class cannot be loaded

[Mon, 09 Apr 18 13:49:55 +0700][ERROR] [2]: CssController handler class cannot be loaded

[Mon, 09 Apr 18 13:49:55 +0700][ERROR] [2]: CssController handler class cannot be loaded

[Mon, 09 Apr 18 13:50:09 +0700][ERROR] [2]: CssController handler class cannot be loaded

[Mon, 09 Apr 18 13:50:09 +0700][ERROR] [2]: CssController handler class cannot be loaded

[Mon, 09 Apr 18 14:12:34 +0700][ERROR] [2]: CssController handler class cannot be loaded

[Mon, 09 Apr 18 14:12:36 +0700][ERROR] [2]: CssController handler class cannot be loaded

